<?xml version="1.0" encoding="UTF-8"?>
<testsuite xmlns:xsi="http://www.w3.org/2001/XMLSchema-instance" xsi:noNamespaceSchemaLocation="https://maven.apache.org/surefire/maven-surefire-plugin/xsd/surefire-test-report.xsd" name="edu.sjsu.cs157a.DAOs.UserDAOTest" time="0.411" tests="5" errors="0" skipped="0" failures="0">
  <properties>
[...]
</properties>
  <testcase name="removeUserTest" classname="edu.sjsu.cs157a.DAOs.UserDAOTest" time="0.043"/>
  <testcase name="addUserTest" classname="edu.sjsu.cs157a.DAOs.UserDAOTest" time="0.003"/>
  <testcase name="getUserThatDoesExistButWrongPasswordTest" classname="edu.sjsu.cs157a.DAOs.UserDAOTest" time="0.002"/>
  <testcase name="getUserThatDoesNotExistTest" classname="edu.sjsu.cs157a.DAOs.UserDAOTest" time="0.002"/>
  <testcase name="getUserThatHasCorrectEmailAndPasswordTest" classname="edu.sjsu.cs157a.DAOs.UserDAOTest" time="0.004"/>
</testsuite>